# JRE version: OpenJDK Runtime Environment (8.0_212-b01) (build 1.8.0_212-8u212-b01-1~deb9u1-b01)
# Java VM: OpenJDK 64-Bit Server VM (25.212-b01 mixed mode linux-amd64 compressed oops)
Heap:
 PSYoungGen      total 175104K, used 88064K [0x00000000f0000000, 0x0000000100000000, 0x0000000100000000)
  eden space 88064K, 100% used [0x00000000f0000000,0x00000000f5600000,0x00000000f5600000)
  from space 87040K, 0% used [0x00000000f5600000,0x00000000f5600000,0x00000000fab00000)
  to   space 87040K, 0% used [0x00000000fab00000,0x00000000fab00000,0x0000000100000000)
 ParOldGen       total 524288K, used 524260K [0x00000000d0000000, 0x00000000f0000000, 0x00000000f0000000)
  object space 524288K, 99% used [0x00000000d0000000,0x00000000efff90c0,0x00000000f0000000)
 Metaspace       used 9558K, capacity 9720K, committed 9984K, reserved 1058816K
  class space    used 920K, capacity 993K, committed 1024K, reserved 1048576K
GC Heap History (10 events):
Event: 480.688 GC heap before
{Heap before GC invocations=32 (full 9):
 PSYoungGen      total 175104K, used 88064K [0x00000000f0000000, 0x0000000100000000, 0x0000000100000000)
  eden space 88064K, 100% used [0x00000000f0000000,0x00000000f5600000,0x00000000f5600000)
  from space 87040K, 0% used [0x00000000f5600000,0x00000000f5600000,0x00000000fab00000)
  to   space 87040K, 0% used [0x00000000fab00000,0x00000000fab00000,0x0000000100000000)
 ParOldGen       total 524288K, used 522064K [0x00000000d0000000, 0x00000000f0000000, 0x00000000f0000000)
  object space 524288K, 99% used [0x00000000d0000000,0x00000000efdd4250,0x00000000f0000000)
 Metaspace       used 9578K, capacity 9768K, committed 9984K, reserved 1058816K
  class space    used 923K, capacity 1001K, committed 1024K, reserved 1048576K
Event: 480.866 GC heap after
Heap after GC invocations=32 (full 9):
 PSYoungGen      total 175104K, used 85517K [0x00000000f0000000, 0x0000000100000000, 0x0000000100000000)
  eden space 88064K, 97% used [0x00000000f0000000,0x00000000f53835c0,0x00000000f5600000)
  from space 87040K, 0% used [0x00000000f5600000,0x00000000f5600000,0x00000000fab00000)
  to   space 87040K, 0% used [0x00000000fab00000,0x00000000fab00000,0x0000000100000000)
 ParOldGen       total 524288K, used 524095K [0x00000000d0000000, 0x00000000f0000000, 0x00000000f0000000)
  object space 524288K, 99% used [0x00000000d0000000,0x00000000effcff48,0x00000000f0000000)
 Metaspace       used 9552K, capacity 9726K, committed 9984K, reserved 1058816K
  class space    used 919K, capacity 994K, committed 1024K, reserved 1048576K
}
Event: 480.876 GC heap before
{Heap before GC invocations=33 (full 10):
 PSYoungGen      total 175104K, used 88064K [0x00000000f0000000, 0x0000000100000000, 0x0000000100000000)
  eden space 88064K, 100% used [0x00000000f0000000,0x00000000f5600000,0x00000000f5600000)
  from space 87040K, 0% used [0x00000000f5600000,0x00000000f5600000,0x00000000fab00000)
  to   space 87040K, 0% used [0x00000000fab00000,0x00000000fab00000,0x0000000100000000)
 ParOldGen       total 524288K, used 524095K [0x00000000d0000000, 0x00000000f0000000, 0x00000000f0000000)
  object space 524288K, 99% used [0x00000000d0000000,0x00000000effcff48,0x00000000f0000000)
 Metaspace       used 9552K, capacity 9726K, committed 9984K, reserved 1058816K
  class space    used 919K, capacity 994K, committed 1024K, reserved 1048576K
Event: 481.042 GC heap after
Heap after GC invocations=33 (full 10):
 PSYoungGen      total 175104K, used 88020K [0x00000000f0000000, 0x0000000100000000, 0x0000000100000000)
  eden space 88064K, 99% used [0x00000000f0000000,0x00000000f55f5280,0x00000000f5600000)
  from space 87040K, 0% used [0x00000000f5600000,0x00000000f5600000,0x00000000fab00000)
  to   space 87040K, 0% used [0x00000000fab00000,0x00000000fab00000,0x0000000100000000)
 ParOldGen       total 524288K, used 524094K [0x00000000d0000000, 0x00000000f0000000, 0x00000000f0000000)
  object space 524288K, 99% used [0x00000000d0000000,0x00000000effcf978,0x00000000f0000000)
 Metaspace       used 9548K, capacity 9720K, committed 9984K, reserved 1058816K
  class space    used 918K, capacity 993K, committed 1024K, reserved 1048576K
}
Event: 481.042 GC heap before
{Heap before GC invocations=34 (full 11):
 PSYoungGen      total 175104K, used 88056K [0x00000000f0000000, 0x0000000100000000, 0x0000000100000000)
  eden space 88064K, 99% used [0x00000000f0000000,0x00000000f55fe028,0x00000000f5600000)
  from space 87040K, 0% used [0x00000000f5600000,0x00000000f5600000,0x00000000fab00000)
  to   space 87040K, 0% used [0x00000000fab00000,0x00000000fab00000,0x0000000100000000)
 ParOldGen       total 524288K, used 524094K [0x00000000d0000000, 0x00000000f0000000, 0x00000000f0000000)
  object space 524288K, 99% used [0x00000000d0000000,0x00000000effcf978,0x00000000f0000000)
 Metaspace       used 9548K, capacity 9720K, committed 9984K, reserved 1058816K
  class space    used 918K, capacity 993K, committed 1024K, reserved 1048576K
Event: 481.129 GC heap after
Heap after GC invocations=34 (full 11):
 PSYoungGen      total 175104K, used 88056K [0x00000000f0000000, 0x0000000100000000, 0x0000000100000000)
  eden space 88064K, 99% used [0x00000000f0000000,0x00000000f55fe028,0x00000000f5600000)
  from space 87040K, 0% used [0x00000000f5600000,0x00000000f5600000,0x00000000fab00000)
  to   space 87040K, 0% used [0x00000000fab00000,0x00000000fab00000,0x0000000100000000)
 ParOldGen       total 524288K, used 524094K [0x00000000d0000000, 0x00000000f0000000, 0x00000000f0000000)
  object space 524288K, 99% used [0x00000000d0000000,0x00000000effcf978,0x00000000f0000000)
 Metaspace       used 9548K, capacity 9720K, committed 9984K, reserved 1058816K
  class space    used 918K, capacity 993K, committed 1024K, reserved 1048576K
}
Event: 481.130 GC heap before
{Heap before GC invocations=35 (full 12):
 PSYoungGen      total 175104K, used 88064K [0x00000000f0000000, 0x0000000100000000, 0x0000000100000000)
  eden space 88064K, 100% used [0x00000000f0000000,0x00000000f5600000,0x00000000f5600000)
  from space 87040K, 0% used [0x00000000f5600000,0x00000000f5600000,0x00000000fab00000)
  to   space 87040K, 0% used [0x00000000fab00000,0x00000000fab00000,0x0000000100000000)
 ParOldGen       total 524288K, used 524259K [0x00000000d0000000, 0x00000000f0000000, 0x00000000f0000000)
  object space 524288K, 99% used [0x00000000d0000000,0x00000000efff8d08,0x00000000f0000000)
 Metaspace       used 9548K, capacity 9720K, committed 9984K, reserved 1058816K
  class space    used 918K, capacity 993K, committed 1024K, reserved 1048576K
Event: 481.218 GC heap after
Heap after GC invocations=35 (full 12):
 PSYoungGen      total 175104K, used 88056K [0x00000000f0000000, 0x0000000100000000, 0x0000000100000000)
  eden space 88064K, 99% used [0x00000000f0000000,0x00000000f55fe0a8,0x00000000f5600000)
  from space 87040K, 0% used [0x00000000f5600000,0x00000000f5600000,0x00000000fab00000)
  to   space 87040K, 0% used [0x00000000fab00000,0x00000000fab00000,0x0000000100000000)
 ParOldGen       total 524288K, used 524259K [0x00000000d0000000, 0x00000000f0000000, 0x00000000f0000000)
  object space 524288K, 99% used [0x00000000d0000000,0x00000000efff8d08,0x00000000f0000000)
 Metaspace       used 9548K, capacity 9720K, committed 9984K, reserved 1058816K
  class space    used 918K, capacity 993K, committed 1024K, reserved 1048576K
}
Event: 481.218 GC heap before
{Heap before GC invocations=36 (full 13):
 PSYoungGen      total 175104K, used 88056K [0x00000000f0000000, 0x0000000100000000, 0x0000000100000000)
  eden space 88064K, 99% used [0x00000000f0000000,0x00000000f55fe0a8,0x00000000f5600000)
  from space 87040K, 0% used [0x00000000f5600000,0x00000000f5600000,0x00000000fab00000)
  to   space 87040K, 0% used [0x00000000fab00000,0x00000000fab00000,0x0000000100000000)
 ParOldGen       total 524288K, used 524259K [0x00000000d0000000, 0x00000000f0000000, 0x00000000f0000000)
  object space 524288K, 99% used [0x00000000d0000000,0x00000000efff8d08,0x00000000f0000000)
 Metaspace       used 9548K, capacity 9720K, committed 9984K, reserved 1058816K
  class space    used 918K, capacity 993K, committed 1024K, reserved 1048576K
Event: 481.307 GC heap after
Heap after GC invocations=36 (full 13):
 PSYoungGen      total 175104K, used 88056K [0x00000000f0000000, 0x0000000100000000, 0x0000000100000000)
  eden space 88064K, 99% used [0x00000000f0000000,0x00000000f55fe0a8,0x00000000f5600000)
  from space 87040K, 0% used [0x00000000f5600000,0x00000000f5600000,0x00000000fab00000)
  to   space 87040K, 0% used [0x00000000fab00000,0x00000000fab00000,0x0000000100000000)
 ParOldGen       total 524288K, used 524259K [0x00000000d0000000, 0x00000000f0000000, 0x00000000f0000000)
  object space 524288K, 99% used [0x00000000d0000000,0x00000000efff8d08,0x00000000f0000000)
 Metaspace       used 9548K, capacity 9720K, committed 9984K, reserved 1058816K
  class space    used 918K, capacity 993K, committed 1024K, reserved 1048576K
}

